[30/Apr/2017 16:06:03] "GET /admin/Trai/group/ HTTP/1.1" 200 11104
[30/Apr/2017 16:06:03] "GET /admin/jsi18n/ HTTP/1.1" 200 3217
[30/Apr/2017 16:06:10] "GET /admin/Trai/assignment/ HTTP/1.1" 200 11176
[30/Apr/2017 16:06:10] "GET /admin/jsi18n/ HTTP/1.1" 200 3217
[30/Apr/2017 16:06:10] "GET /favicon.ico HTTP/1.1" 301 0
[30/Apr/2017 16:06:10] "GET /static/favicon.ico HTTP/1.1" 200 67646
[30/Apr/2017 16:06:14] "GET /admin/Trai/history/ HTTP/1.1" 200 12719
[30/Apr/2017 16:06:14] "GET /admin/jsi18n/ HTTP/1.1" 200 3217
[30/Apr/2017 16:06:50] "GET /admin/Trai/history/add/ HTTP/1.1" 200 131650
[30/Apr/2017 16:06:50] "GET /admin/jsi18n/ HTTP/1.1" 200 3217
[30/Apr/2017 16:07:14] "POST /admin/Trai/history/add/ HTTP/1.1" 302 0
[30/Apr/2017 16:07:14] "GET /admin/Trai/history/ HTTP/1.1" 200 13555
[30/Apr/2017 16:07:14] "GET /admin/jsi18n/ HTTP/1.1" 200 3217
[30/Apr/2017 16:07:20] "GET /admin/Trai/assignment/ HTTP/1.1" 200 11176
[30/Apr/2017 16:07:20] "GET /admin/jsi18n/ HTTP/1.1" 200 3217
[30/Apr/2017 16:07:21] "GET /favicon.ico HTTP/1.1" 301 0
[30/Apr/2017 16:07:21] "GET /static/favicon.ico HTTP/1.1" 200 67646
[30/Apr/2017 16:07:26] "GET /admin/Trai/assignment/ HTTP/1.1" 200 11176
[30/Apr/2017 16:07:26] "GET /admin/jsi18n/ HTTP/1.1" 200 3217
[30/Apr/2017 16:07:31] "GET /admin/Trai/assignment/add/ HTTP/1.1" 200 130846
[30/Apr/2017 16:07:31] "GET /admin/jsi18n/ HTTP/1.1" 200 3217
[30/Apr/2017 16:07:32] "GET /admin/Trai/history/ HTTP/1.1" 200 13233
[30/Apr/2017 16:07:32] "GET /admin/jsi18n/ HTTP/1.1" 200 3217
[30/Apr/2017 16:08:02] "GET /admin/Trai/history/ HTTP/1.1" 200 13233
[30/Apr/2017 16:08:02] "GET /admin/jsi18n/ HTTP/1.1" 200 3217
[30/Apr/2017 16:08:07] "GET /admin/Trai/member/ HTTP/1.1" 200 14612
[30/Apr/2017 16:08:07] "GET /admin/jsi18n/ HTTP/1.1" 200 3217
[30/Apr/2017 16:08:12] "GET /admin/Trai/problem/ HTTP/1.1" 200 29651
[30/Apr/2017 16:08:12] "GET /admin/jsi18n/ HTTP/1.1" 200 3217
[30/Apr/2017 16:08:39] "POST /admin/Trai/problem/ HTTP/1.1" 200 7688
[30/Apr/2017 16:08:45] "POST /admin/Trai/problem/ HTTP/1.1" 302 0
[30/Apr/2017 16:08:46] "GET /admin/Trai/problem/ HTTP/1.1" 200 29897
[30/Apr/2017 16:08:46] "GET /admin/jsi18n/ HTTP/1.1" 200 3217
[30/Apr/2017 16:09:05] "POST /admin/Trai/problem/ HTTP/1.1" 200 7688
[30/Apr/2017 16:09:07] "POST /admin/Trai/problem/ HTTP/1.1" 302 0
[30/Apr/2017 16:09:07] "GET /admin/Trai/problem/ HTTP/1.1" 200 29908
[30/Apr/2017 16:09:07] "GET /admin/jsi18n/ HTTP/1.1" 200 3217
[30/Apr/2017 16:09:12] "GET /admin/ HTTP/1.1" 302 0
[30/Apr/2017 16:09:12] "GET /admin/login/?next=/admin/ HTTP/1.1" 200 3390
[30/Apr/2017 16:09:12] "GET /static/suit/css/suit.css HTTP/1.1" 200 62873
[30/Apr/2017 16:09:12] "GET /static/suit/bootstrap/js/bootstrap.min.js HTTP/1.1" 200 15732
[30/Apr/2017 16:09:12] "GET /static/suit/js/suit.js HTTP/1.1" 200 6415
[30/Apr/2017 16:09:12] "GET /static/suit/js/jquery-2.2.4.min.js HTTP/1.1" 200 85578
[30/Apr/2017 16:09:12] "GET /static/suit/bootstrap/css/bootstrap.min.css HTTP/1.1" 200 107369
[30/Apr/2017 16:09:13] "GET /static/suit/bootstrap/img/glyphicons-halflings-white.png HTTP/1.1" 200 8777
[30/Apr/2017 16:09:13] "GET /static/suit/bootstrap/img/glyphicons-halflings.png HTTP/1.1" 200 12799
[30/Apr/2017 16:09:14] "GET /favicon.ico HTTP/1.1" 301 0
[30/Apr/2017 16:09:14] "GET /static/favicon.ico HTTP/1.1" 200 67646
[30/Apr/2017 16:09:15] "GET /admin/Trai/team/ HTTP/1.1" 200 11321
[30/Apr/2017 16:09:15] "GET /admin/jsi18n/ HTTP/1.1" 200 3217
[30/Apr/2017 16:09:18] "GET /admin/Trai/team/3/change/ HTTP/1.1" 200 12221
[30/Apr/2017 16:09:18] "GET /admin/jsi18n/ HTTP/1.1" 200 3217
[30/Apr/2017 16:09:28] "POST /admin/login/?next=/admin/ HTTP/1.1" 302 0
[30/Apr/2017 16:09:28] "GET /admin/ HTTP/1.1" 200 14749
[30/Apr/2017 16:09:28] "GET /static/suit/img/bg_left_white.gif HTTP/1.1" 200 105
[30/Apr/2017 16:09:28] "GET /static/suit/img/glyphicons-halflings-white-nav.png HTTP/1.1" 200 40145
[30/Apr/2017 16:09:28] "GET /static/suit/img/glyphicons-halflings-white-shadow.png HTTP/1.1" 200 27257
[30/Apr/2017 16:09:28] "GET /static/suit/img/cc_active_nav.png HTTP/1.1" 200 432
[30/Apr/2017 16:09:32] "GET /admin/Trai/assignment/ HTTP/1.1" 200 11176
[30/Apr/2017 16:09:32] "GET /admin/jsi18n/ HTTP/1.1" 200 3217
[30/Apr/2017 16:09:38] "GET /admin/Trai/assignment/add/ HTTP/1.1" 200 130768
[30/Apr/2017 16:09:39] "GET /admin/jsi18n/ HTTP/1.1" 200 3217
[30/Apr/2017 16:09:39] "GET /admin/Trai/member/ HTTP/1.1" 200 14612
[30/Apr/2017 16:09:39] "GET /admin/jsi18n/ HTTP/1.1" 200 3217
[30/Apr/2017 16:09:45] "GET /admin/Trai/assignment/ HTTP/1.1" 200 11176
[30/Apr/2017 16:09:45] "GET /static/admin/js/core.js HTTP/1.1" 200 7976
[30/Apr/2017 16:09:45] "GET /admin/jsi18n/ HTTP/1.1" 200 3217
[30/Apr/2017 16:09:45] "GET /static/admin/js/jquery.init.js HTTP/1.1" 200 363
[30/Apr/2017 16:09:45] "GET /static/admin/js/admin/RelatedObjectLookups.js HTTP/1.1" 200 6591
[30/Apr/2017 16:09:45] "GET /static/admin/js/actions.js HTTP/1.1" 200 6501
[30/Apr/2017 16:09:45] "GET /static/admin/js/urlify.js HTTP/1.1" 200 8186
[30/Apr/2017 16:09:45] "GET /static/admin/js/prepopulate.js HTTP/1.1" 200 1538
[30/Apr/2017 16:09:45] "GET /static/admin/js/vendor/xregexp/xregexp.js HTTP/1.1" 200 128820
[30/Apr/2017 16:09:46] "GET /static/admin/js/vendor/jquery/jquery.js HTTP/1.1" 200 258648
[30/Apr/2017 16:09:50] "GET /admin/jsi18n/ HTTP/1.1" 200 3217
[30/Apr/2017 16:09:50] "GET /static/admin/js/calendar.js HTTP/1.1" 200 7790
[30/Apr/2017 16:09:50] "GET /static/admin/js/admin/DateTimeShortcuts.js HTTP/1.1" 200 20529
[30/Apr/2017 16:09:50] "GET /admin/Trai/assignment/1/change/ HTTP/1.1" 200 131556
[30/Apr/2017 16:09:50] "GET /static/admin/img/icon-addlink.svg HTTP/1.1" 200 331
[30/Apr/2017 16:09:50] "GET /static/admin/js/prepopulate_init.js HTTP/1.1" 200 495
[30/Apr/2017 16:09:50] "GET /static/suit/js/suit-form-confirm.js HTTP/1.1" 200 2333
[30/Apr/2017 16:09:57] "GET /admin/Trai/assignment/ HTTP/1.1" 200 11176
[30/Apr/2017 16:09:57] "GET /admin/jsi18n/ HTTP/1.1" 200 3217
[30/Apr/2017 16:10:07] "GET /admin/Trai/member/ HTTP/1.1" 200 14612
[30/Apr/2017 16:10:07] "GET /admin/jsi18n/ HTTP/1.1" 200 3217
[30/Apr/2017 16:10:17] "GET /admin/Trai/problem/ HTTP/1.1" 200 29654
[30/Apr/2017 16:10:17] "GET /admin/jsi18n/ HTTP/1.1" 200 3217
[30/Apr/2017 16:10:17] "GET /static/admin/img/icon-yes.svg HTTP/1.1" 200 436
[30/Apr/2017 16:10:49] "GET /admin/ HTTP/1.1" 200 14749
[30/Apr/2017 16:10:51] "GET /admin/Trai/assignment/ HTTP/1.1" 200 11176
[30/Apr/2017 16:10:51] "GET /admin/jsi18n/ HTTP/1.1" 200 3217
[30/Apr/2017 16:11:27] "GET /admin/Trai/history/ HTTP/1.1" 200 13233
[30/Apr/2017 16:11:27] "GET /admin/jsi18n/ HTTP/1.1" 200 3217
[30/Apr/2017 16:11:34] "GET /admin/Trai/assignment/ HTTP/1.1" 200 11176
[30/Apr/2017 16:11:34] "GET /admin/jsi18n/ HTTP/1.1" 200 3217
[30/Apr/2017 16:11:37] "GET /admin/Trai/assignment/add/ HTTP/1.1" 200 130768
[30/Apr/2017 16:11:37] "GET /admin/jsi18n/ HTTP/1.1" 200 3217
[30/Apr/2017 16:11:41] "GET /admin/Trai/problem/ HTTP/1.1" 200 29654
[30/Apr/2017 16:11:41] "GET /admin/jsi18n/ HTTP/1.1" 200 3217
[30/Apr/2017 16:12:09] "GET /admin/Trai/problem/?group=1&his_group=1 HTTP/1.1" 200 31263
[30/Apr/2017 16:12:10] "GET /admin/jsi18n/ HTTP/1.1" 200 3217
[30/Apr/2017 16:12:45] "POST /admin/Trai/problem/?group=1&his_group=1 HTTP/1.1" 200 10782
[30/Apr/2017 16:13:18] "POST /admin/Trai/problem/?group=1&his_group=1 HTTP/1.1" 302 0
[30/Apr/2017 16:13:19] "GET /admin/Trai/problem/?group=1&his_group=1 HTTP/1.1" 200 31524
[30/Apr/2017 16:13:19] "GET /admin/jsi18n/ HTTP/1.1" 200 3217
[30/Apr/2017 16:13:23] "GET /admin/Trai/assignment/ HTTP/1.1" 200 11524
[30/Apr/2017 16:13:23] "GET /admin/jsi18n/ HTTP/1.1" 200 3217
[30/Apr/2017 16:13:29] "GET /admin/Trai/assignment/2/change/ HTTP/1.1" 200 131550
[30/Apr/2017 16:13:29] "GET /admin/jsi18n/ HTTP/1.1" 200 3217
[30/Apr/2017 16:15:05] "GET /admin/Trai/history/ HTTP/1.1" 200 13233
[30/Apr/2017 16:15:05] "GET /admin/jsi18n/ HTTP/1.1" 200 3217
[30/Apr/2017 16:16:46] "GET /admin/Trai/problem/ HTTP/1.1" 200 29654
[30/Apr/2017 16:16:47] "GET /admin/jsi18n/ HTTP/1.1" 200 3217
[30/Apr/2017 16:17:06] "GET /admin/Trai/problem/?o=7 HTTP/1.1" 200 30943
[30/Apr/2017 16:17:06] "GET /admin/jsi18n/ HTTP/1.1" 200 3217
[30/Apr/2017 16:17:08] "GET /admin/Trai/problem/?o=-7 HTTP/1.1" 200 31060
[30/Apr/2017 16:17:08] "GET /admin/jsi18n/ HTTP/1.1" 200 3217
[30/Apr/2017 16:17:10] "GET /admin/auth/group/ HTTP/1.1" 200 9351
[30/Apr/2017 16:17:10] "GET /admin/jsi18n/ HTTP/1.1" 200 3217
[30/Apr/2017 16:17:16] "GET /admin/auth/group/?q= HTTP/1.1" 200 9371
[30/Apr/2017 16:17:16] "GET /admin/jsi18n/ HTTP/1.1" 200 3217
[30/Apr/2017 16:17:24] "GET /admin/auth/user/ HTTP/1.1" 200 14478
[30/Apr/2017 16:17:24] "GET /admin/jsi18n/ HTTP/1.1" 200 3217
[30/Apr/2017 16:17:28] "GET /admin/auth/user/add/ HTTP/1.1" 200 11807
[30/Apr/2017 16:17:29] "GET /admin/jsi18n/ HTTP/1.1" 200 3217
[30/Apr/2017 16:17:46] "POST /admin/auth/user/add/ HTTP/1.1" 200 12191
[30/Apr/2017 16:17:46] "GET /admin/jsi18n/ HTTP/1.1" 200 3217
[30/Apr/2017 16:18:07] "POST /admin/auth/user/add/ HTTP/1.1" 200 12106
[30/Apr/2017 16:18:07] "GET /admin/jsi18n/ HTTP/1.1" 200 3217
[30/Apr/2017 16:18:22] "POST /admin/auth/user/add/ HTTP/1.1" 200 12175
[30/Apr/2017 16:18:23] "GET /admin/jsi18n/ HTTP/1.1" 200 3217
[30/Apr/2017 16:18:37] "POST /admin/auth/user/add/ HTTP/1.1" 302 0
[30/Apr/2017 16:18:37] "GET /admin/auth/user/2/change/ HTTP/1.1" 200 20584
[30/Apr/2017 16:18:37] "GET /admin/jsi18n/ HTTP/1.1" 200 3217
[30/Apr/2017 16:18:37] "GET /static/admin/js/SelectBox.js HTTP/1.1" 200 5755
[30/Apr/2017 16:18:37] "GET /static/admin/js/SelectFilter2.js HTTP/1.1" 200 12389
[30/Apr/2017 16:19:53] "GET /admin/auth/group/ HTTP/1.1" 200 9351
[30/Apr/2017 16:19:53] "GET /admin/jsi18n/ HTTP/1.1" 200 3217
[30/Apr/2017 16:20:48] "GET /admin/Trai/group/ HTTP/1.1" 200 11104
[30/Apr/2017 16:20:48] "GET /admin/jsi18n/ HTTP/1.1" 200 3217
[30/Apr/2017 16:20:49] "GET /admin/Trai/assignment/ HTTP/1.1" 200 11524
[30/Apr/2017 16:20:50] "GET /admin/jsi18n/ HTTP/1.1" 200 3217
[30/Apr/2017 16:20:54] "GET /admin/Trai/history/ HTTP/1.1" 200 13233
[30/Apr/2017 16:20:54] "GET /admin/jsi18n/ HTTP/1.1" 200 3217
[30/Apr/2017 16:20:56] "GET /admin/Trai/member/ HTTP/1.1" 200 14612
[30/Apr/2017 16:20:56] "GET /admin/jsi18n/ HTTP/1.1" 200 3217
[30/Apr/2017 16:20:58] "GET /admin/Trai/problem/ HTTP/1.1" 200 29654
[30/Apr/2017 16:20:58] "GET /admin/jsi18n/ HTTP/1.1" 200 3217
[30/Apr/2017 16:20:59] "GET /admin/Trai/team/ HTTP/1.1" 200 11321
[30/Apr/2017 16:20:59] "GET /admin/jsi18n/ HTTP/1.1" 200 3217
[30/Apr/2017 16:21:00] "GET /admin/Trai/assignment/ HTTP/1.1" 200 11524
[30/Apr/2017 16:21:00] "GET /admin/jsi18n/ HTTP/1.1" 200 3217
[30/Apr/2017 16:21:03] "GET /admin/jsi18n/ HTTP/1.1" 200 3217
[30/Apr/2017 16:21:03] "GET /admin/Trai/assignment/2/change/ HTTP/1.1" 200 131550
[30/Apr/2017 16:23:43] "GET /admin/Trai/assignment/ HTTP/1.1" 200 11524
[30/Apr/2017 16:23:43] "GET /admin/jsi18n/ HTTP/1.1" 200 3217
